2024-07-29 00:16:53,700 - INFO - 河北日报 信息写入csv文件完毕，保存路径: ~/weibo-data/users.csv
2024-07-29 00:16:53,702 - INFO - 准备搜集 河北日报 的微博
2024-07-29 00:16:55,223 - INFO - URL: https://m.weibo.cn/detail/5061458471683362 
2024-07-29 00:16:56,598 - INFO - 已获取用户 河北日报 的微博，内容为 【#邓稼先仅用23个月就获博士学位#】邓稼先17岁考入西南联大物理系，毕业后在北大物理系担任助教，后赴美国攻读理论物理博士。为早日学成回国，仅有学士学位的他只用了一年零十一个月，就取得博士学位，当时26岁的他被称为“娃娃博士”。取得博士学位后第九天，他就登上归国的轮船，投身到建设新中国的队伍中。今天#邓稼先去世38周年#，缅怀，致敬！@央视国家记忆 
央视新闻的微博视频
2024-07-29 00:16:56,602 - INFO - 已获取用户 河北日报 的微博，内容为 【收藏！#小小金牌折纸教程#】#零基础手工课#巴黎奥运会正在举行，用彩纸也可以折出小小“金牌”。步骤简单，快来学习吧↓↓一起为奥运健儿加油！
人民网的微博视频
 @人民网 
2024-07-29 00:16:56,604 - INFO - URL: https://m.weibo.cn/detail/5061432310498764 
2024-07-29 00:16:57,852 - INFO - 已获取用户 河北日报 的微博，内容为 【河北制造”何以闪耀巴黎奥运】北京时间7月27日1时30分，2024年巴黎奥运会开幕。这场体育盛会，也是展示各国制造业发展和科技创新的一扇窗口。
在河北，有两家企业跻身巴黎奥运会体育用品供应商，为赛事供应运动地板和举重器材。
成为“奥运优选”，产品到底需要多过硬？为追求高品质，“河北制造”怎样突破技术瓶颈？奥运品牌影响力，如何助力企业走向更广阔的国际市场？
近日记者深入两家企业，探究奥运赛场背后的“河北力量”。[报道|河北日报记者李冬云] 
新闻纵深丨“河北制造”何以闪耀巴黎奥运
2024-07-29 00:16:57,855 - INFO - 已获取用户 河北日报 的微博，内容为 #马龙观看莎头比赛##王楚钦孙颖莎赛后立即复盘#巴黎奥运会乒乓球混双1/4决赛，@王楚钦___ /@孙颖莎 4-2战胜林昀儒/陈思羽，晋级4强。赛后，王楚钦与孙颖莎立即对比赛进行复盘。
本场比赛，马龙再次坐在观众席上观战。#孙颖莎说赢在与王楚钦相互交流# @中国体育 
2024-07-29 00:16:57,857 - INFO - 已获取用户 河北日报 的微博，内容为 【背成语，免门票！这波操作很邯郸】邯郸，是中国成语典故之都。许多历史典故，都是从这里传出去的。邯郸市推出“背成语 享优惠”活动，活动时间为7月25日—10月31日。让我们一起讲述成语故事，传承弘扬成语文化。戳图了解↓↓↓（邯郸市文化广电和旅游局） 
2024-07-29 00:16:57,859 - INFO - 已获取用户 河北日报 的微博，内容为 #小孩姐第一次参加奥运就创造历史#【也很棒！#崔宸曦第4#】刚刚，巴黎奥运会滑板女子街式赛决赛，14岁中国小将@崔宸曦 以241.56分的成绩排名第四，创中国滑板奥运最好成绩。这是她首次参加夏季奥运会。继续加油，下个赛场见！#滑板小孩姐太飒了# @央视新闻 
2024-07-29 00:16:57,860 - INFO - URL: https://m.weibo.cn/detail/5061384350207690 
2024-07-29 00:16:59,206 - INFO - 已获取用户 河北日报 的微博，内容为 【沧州南大港候鸟栖息地被列入《世界遗产名录》】从河北省林草局获悉，7月26日，在印度首都新德里举行的第46届联合国教科文组织世界遗产委员会会议上，包含河北沧州南大港候鸟栖息地在内的中国黄（渤）海候鸟栖息地（第二期）顺利通过评审，被正式列入《世界遗产名录》。沧州南大港候鸟栖息地成为我省第一个世界自然遗产地。[报道|河北日报记者曹智] 
河北日报的微博视频
2024-07-29 00:16:59,244 - INFO - 已获取用户 河北日报 的微博，内容为 早上好！ 
2024-07-29 00:16:59,246 - INFO - 已获取用户 河北日报 的微博，内容为 【恭喜！#王楚钦孙颖莎顺利晋级#】在刚刚结束的巴黎奥运会乒乓球混双1/4决赛上，混双1号种子、“莎头”组合王楚钦/孙颖莎以4：2战胜中国台北组合林昀儒/陈思羽，晋级半决赛。六局比分分别为7：11、11：6、6：11、11：7、11：9、11：3。网友：看得好紧张！[报道|河北日报记者王伟宏、史晟全] 
2024-07-29 00:16:59,304 - INFO - 已获取用户 河北日报 的微博，内容为 【河北唐县：荷花绽放惹人醉】盛夏时节，河北省保定市唐县石门乡小路村荷花竞相绽放，美不胜收，给游客和市民带来别样的视觉盛宴。（新华社） 
河北日报的微博视频
 
2024-07-29 00:16:59,380 - INFO - ------------------------------已获取河北日报(1623340585)的第1页微博------------------------------
2024-07-29 00:17:00,832 - INFO - 已获取用户 河北日报 的微博，内容为 孙颖莎将对阵61岁老将倪夏莲，期待两人精彩表现！（河北日报） 
河北日报的微博视频
 
2024-07-29 00:17:00,834 - INFO - URL: https://m.weibo.cn/detail/5061239745810896 
2024-07-29 00:17:02,057 - INFO - 已获取用户 河北日报 的微博，内容为 【“音乐＋机车＋露营” 张北草原骑活音乐节掀起草原摇滚热浪】7月26至28日，作为张北草原音乐季的一项重要活动，2024张北草原骑活音乐节在中都草原这片充满原始魅力与独特风情的土地上激情上演，许巍、老狼、叶蓓等实力歌手热情开唱，为乐迷们带来了无与伦比的音乐盛宴。[报道|河北日报记者王雪威、郭晓通]
2024-07-29 00:17:02,061 - INFO - 已获取用户 河北日报 的微博，内容为 #考考你#戎马倥偬的“倥偬”读什么？ 
 
网页链接
 
2024-07-29 00:17:02,064 - INFO - 已获取用户 河北日报 的微博，内容为 #2024年巴黎奥运会# 
女单1/32决赛，孙颖莎赛后采访⬇（WTT世界乒联）
WTT世界乒联的微博视频
 
2024-07-29 00:17:02,066 - INFO - 已获取用户 河北日报 的微博，内容为 【点赞！#王楚钦晋级32强#】7月28日，在巴黎奥运会乒乓球男单首轮，王楚钦@王楚钦___ 战胜斯洛伐克选手，晋级32强。#王楚钦单打开门红# 继续加油！（新华社） 
2024-07-29 00:17:02,068 - INFO - 已获取用户 河北日报 的微博，内容为 #孙颖莎半小时内赢了比赛#【点赞！#孙颖莎单打开门红#】刚刚，巴黎奥运会乒乓球女子单打64强赛，@孙颖莎 4比0战胜巴西选手高桥·朱丽叶，顺利晋级32强。#孙颖莎王楚钦分头赛完合体赛#，期待更多精彩表现。加油！ （央视新闻、新华社） 
2024-07-29 00:17:02,070 - INFO - 已获取用户 河北日报 的微博，内容为 【#中国队第三金#！#谢瑜男子10米气手枪金牌#】当地时间28日，在巴黎奥运会射击男子10米气手枪决赛中，中国选手谢瑜@夜玫瑰的曲 凭借稳定发挥，获得该项目金牌，为中国体育代表团再添一金！（人民日报） 
2024-07-29 00:17:02,072 - INFO - URL: https://m.weibo.cn/detail/5061122631664670 
2024-07-29 00:17:03,333 - INFO - 已获取用户 河北日报 的微博，内容为 【中国射手射落首金，河北三将亮相奥运赛场】7月27日，巴黎奥运会迎来首个比赛日。中国“00后”射击组合黄雨婷/盛李豪在射击10米气步枪混合团体比赛中，射落本届奥运会首枚金牌，陈艺文/昌雅妮获得跳水女子双人三米板金牌，为中国体育代表团取得“开门红”。河北选手孙颖莎、杜林澍和李冰洁也亮相奥运赛场。（河北日报客户端） 
河北日报的微博视频
2024-07-29 00:17:03,338 - INFO - 已获取用户 河北日报 的微博，内容为 #莎头组合将迎一天双赛考验##国乒男女单巴黎奥运首秀# 巴黎奥运会国乒今日赛程：
16:00 女单1/32决赛 孙颖莎vs高桥·朱丽叶
16:45 男单1/32决赛 王楚钦vs汪洋
22:00 混双1/4决赛 王楚钦/孙颖莎vs林昀儒/陈思羽（中国体育） 
2024-07-29 00:17:03,340 - INFO - URL: https://m.weibo.cn/detail/5061099483303930 
2024-07-29 00:18:43,123 - INFO - 杨紫 信息写入csv文件完毕，保存路径: $HOME/weibo-data/users.csv
2024-07-29 00:18:43,125 - INFO - 准备搜集 杨紫 的微博
2024-07-29 00:18:44,615 - INFO - URL: https://m.weibo.cn/detail/5060775607537447 
2024-07-29 00:18:46,562 - INFO - 已获取用户 杨紫 的微博，内容为 这一次是真的要和小夭说再见了 心情还是有一点复杂 就像是用了很久的时间来告别一位老朋友 
对常人来说 命运时而残酷时而温馨 但对小夭来说 不被命运眷顾是家常便饭 所以她很长一段时间里总是自认倒霉 为保全自己而活 但一路走来  总是能杀出一条属于自己的路 努力生存 保护他人 忠于自我
看吧 她就是一个嘴硬心软别扭的小孩
我想 她是对抗命运、选择命运的斗士
就是这样的她吸引着我 我爱她的那一份真实和不完美
所以我心疼小夭 敬佩小夭 几百年来她跌跌撞撞拉扯自己长大 而且还长得很好 历经苦难仍然至善 至少我做不到
记得拍摄最后一场戏的时候我哭得肿肿的样子 那一刻 我是小夭在哭 那一刻 我也为小夭而哭
小夭一生所求 是天下太平 是平淡的幸福 是随心而动的自由 听起来不是什么宏图大愿对吧？但这又何谈容易 好在求仁得仁 她终于是得到了自己想要的圆满结局
还是像我一直想对小夭说的 做自己命运的主人 做自己想做的事 天下很大 要一直自由
说到这里 又更加想小六了 想来他也在某个地方 过着无拘无束、有钱花、有肉吃、有酒喝的小日子
从2022年进组到23年播出第一季 再到24年第二季的结束 跨越了不算太长的时间 但感觉已经和小夭一起走过了很远的路 我看到过她的绝望无助、她的坚韧与毅力 她已经成为了我的一部分 我很爱小夭 很爱长相思 很爱长相思大家庭的每个人  遇见小夭是我的幸运 
感谢桐华老师@桐华tonghua 写出来这么精彩的故事跟人物 没有你就不会有小夭 我也不会有机会可以参演长相思！
感谢汤姐@正版汤汤 的不放弃 你是我们整个剧组的大家长 顶着所有压力带着大家往前冲 没有你就不会有长相思这个戏 也不会有我们大家相聚在这里！
感谢秦榛导演@秦榛Zoe 和杨欢导演@杨欢_7 两年多的筹备拍摄 你们把所有精力奉献给长相思 辛苦了！
感谢哥哥玱玹@张晚意 一直同在并肩作战！ 感谢十七@邓为D 温柔体贴照顾大家情绪！感谢妹妹阿念@代露娃 小棉袄一样的温暖陪伴！感谢丰隆@王弘毅why324 阳光积极的弟弟！感谢相柳@MIC檀健次JC-T 无数疲惫的时刻有你的欢乐作伴！
还要感谢所有幕后的工作人员 因为有了你们的辛苦付出才会有我们专心的创作 还要感谢我的粉丝朋友们、所有关注《长相思》的剧粉、书粉们的宽容跟支持 感谢所有人的包容 我会更加努力进步
我很喜欢书中的这句话：“苦难之所以能成为苦难，只是因为遇到它们的人都被打败了。而我们打败了苦难，并把它们踩碎，揉进自己的身体里，变成了属于我们的力量，所以，我们从不会把苦难看作苦难。”  献给所有温柔善良勇敢的人～希望和大家共勉 命运是谜语 每个人都可以书写不同的答案
小夭再次感谢大家❤️往后的时间里祝愿所有人 平安幸福自由快乐❤️
2024-07-29 00:18:46,567 - INFO - URL: https://m.weibo.cn/detail/5060733700148596 
2024-07-29 00:18:47,807 - INFO - 已获取用户 杨紫 的微博，内容为 冬来夏往，守得百花齐放。#国色芳华# #国色芳华杀青特辑#
2024-07-29 00:18:47,809 - INFO - URL: https://m.weibo.cn/detail/5060455334155113 
2024-07-29 00:18:49,711 - INFO - 已获取用户 杨紫 的微博，内容为 世人怜爱牡丹
爱她的活色生香
而我 更爱她的不惧冬霜
像故事里的商贾娘子
名为惟芳 却不止芬芳
命途多舛 又野蛮生长
即便式微 也从不忘济弱扶倾 安民利国
这份劲骨 让何惟芳成为了自己的光 也让她成为了自己的国色芳华
 
从暮冬到盛夏 从横店到乐陵
我们一起走过了几个月的时间
烤胡饼 开花坊 兴实业 点点滴滴近在眼前
一转眼就要和大家说再见了 有很多不舍和感谢
感谢和何惟芳的相遇 感谢剧组所有的工作人员在拍摄期间的辛苦付出
期待再次重逢❤
何惟芳 我们再见啦！
2024-07-29 00:18:49,716 - INFO - 已获取用户 杨紫 的微博，内容为 #张艺谋导演团队首个开幕主题片##蒙牛营养世界每个人的要强#  跨越山海万里、点燃要强盛宴，要强不分国界，承载着万千炽热的梦想。跟随张艺谋导演团队和@蒙牛乳业 一起为每个你我加油，让世界看见中国人的要强。#蒙牛奥林匹克全球合作伙伴#
2024-07-29 00:18:49,719 - INFO - 已获取用户 杨紫 的微博，内容为 #长相思全员上分#歪？在不在不！！自拍请查收
谢谢大家喜欢小夭～#小夭日记##长相思# 
2024-07-29 00:18:49,721 - INFO - URL: https://m.weibo.cn/detail/5057184847627179 
2024-07-29 00:18:51,654 - INFO - 已获取用户 杨紫 的微博，内容为 小夭心里有一个地方 里面困着年幼的自己
她一直想 或许当年父母是否可以将真相如实相告 她也未必不能接受
见到娘的那一瞬间 就算有一肚子话想问 却也只是化作了一句“疼吗”  这就是小夭
为小夭终于解开心结而开心 原来她不是被抛弃 原来爹娘一直在等她念她 原来她也是爹娘在乎的孩子
又为小夭还没来得及好好看看娘 就又要再次分别而难过 这一次将是永别
但这份跨越了四百年的真相 跨越了四百年沉甸甸的爱意和歉意 都将成为她面对一切再出发的底气 
每个人都有自己的宿命 她愿意相信爹娘是幸福的 
好啦 小夭说了 她真的只有一点辛苦 她好好地长大了 
小夭会带着这份爱慢慢痊愈 相信小夭吧#长相思##长相思2# 
杨紫的微博视频
2024-07-29 00:18:51,661 - INFO - 已获取用户 杨紫 的微博，内容为 #长相思##长相思2# 这就是一件好事 值得去做 不能因为一个“难”字就不敢去做#小夭日记# 
2024-07-29 00:18:51,670 - INFO - 已获取用户 杨紫 的微博，内容为 #长相思第二季微博追剧团#收工✌🏻感谢大家 回去的路上注意安全！！！继续来看#长相思#！！！ 
2024-07-29 00:18:51,676 - INFO - 已获取用户 杨紫 的微博，内容为 一切尽在掌握中 这是我计划的一部分！ #长相思##长相思2# 
2024-07-29 00:18:51,678 - INFO - 已获取用户 杨紫 的微博，内容为 修补残卷最擅长 小夭办事您放心#长相思##小夭日记# 
2024-07-29 00:18:51,680 - INFO - ------------------------------已获取杨紫(1227368500)的第1页微博------------------------------
